Welcome to Xilinx CORE Generator.
Help system initialized.
The IP Catalog has been reloaded.
Opening project file /home/ktown/caeShepard4/verilog/coregen/coregen.cgp.
Customize and GenerateINFO:sim:172 - Generating IP...
Applying current project options...
Finished applying current project options.
Resolving generics for 'fifo_64x512_whf'...
Applying external generics to 'fifo_64x512_whf'...
Delivering associated files for 'fifo_64x512_whf'...
WARNING:sim - Can't find 'Verilog' synthesis view; using general synthesis view
Delivering EJava files for 'fifo_64x512_whf'...
Generating implementation netlist for 'fifo_64x512_whf'...
INFO:sim - Pre-processing HDL files for 'fifo_64x512_whf'...
WARNING:sim - BlackBox generator run option '-ifmt' found multiple times. Only
   the first occurence is considered.
Running synthesis for 'fifo_64x512_whf'
Running ngcbuild...
Writing VEO instantiation template for 'fifo_64x512_whf'...
Writing Verilog behavioral simulation model for 'fifo_64x512_whf'...
Generating ASY schematic symbol...
INFO:sim:949 - Finished generation of ASY schematic symbol.
Generating metadata file...
Generating ISE project...
XCO file found: fifo_64x512_whf.xco
XMDF file found: fifo_64x512_whf_xmdf.tcl
Adding /home/ktown/caeShepard4/verilog/coregen/tmp/_cg/fifo_64x512_whf.asy -view
all -origin_type imported
Adding /home/ktown/caeShepard4/verilog/coregen/tmp/_cg/fifo_64x512_whf.ngc -view
all -origin_type created
Checking file
"/home/ktown/caeShepard4/verilog/coregen/tmp/_cg/fifo_64x512_whf.ngc" for
project device match ...
File "/home/ktown/caeShepard4/verilog/coregen/tmp/_cg/fifo_64x512_whf.ngc"
device information matches project device.
Adding /home/ktown/caeShepard4/verilog/coregen/tmp/_cg/fifo_64x512_whf.v -view
all -origin_type created
INFO:HDLCompiler:1845 - Analyzing Verilog file
   "/home/ktown/caeShepard4/verilog/coregen/tmp/_cg/fifo_64x512_whf.v" into
   library work
INFO:ProjectMgmt - Parsing design hierarchy completed successfully.
Adding /home/ktown/caeShepard4/verilog/coregen/tmp/_cg/fifo_64x512_whf.veo -view
all -origin_type imported
Adding
/home/ktown/caeShepard4/verilog/coregen/tmp/_cg/fifo_generator_v8_4_readme.txt
-view all -origin_type imported
INFO:TclTasksC:2116 - The automatic calculation of top has been turned-off.
   Please set the new top explicitly by running the "project set top" command.
   To re-calculate the new top automatically, set the "Auto Implementation Top"
   property to true.
Top level has been set to "/fifo_64x512_whf"
Generating README file...
Generating FLIST file...
INFO:sim:948 - Finished FLIST file generation.
Launching README viewer...
Moving files to output directory...
Finished moving files to output directory
Saved CGP file for project 'coregen'.
Closed project file.
